1.1547 	WARNING 	We strongly recommend you activate the PTB sound engine in PsychoPy prefs as the preferred audio engine. Its timing is vastly superior. Your prefs are currently set to use ['pygame'] (in that order).
14.3179 	EXP 	Created window1 = Window(allowGUI=False, allowStencil=False, autoLog=True, backendConf=UNKNOWN, bitsMode=UNKNOWN, blendMode='avg', bpc=(8, 8, 8), color=array([1, 1, 1]), colorSpace='rgb', depthBits=8, fullscr=<method-wrapper '__getattribute__' of attributeSetter object at 0x000000C8CFFE4DA0>, gamma=None, gammaErrorPolicy='raise', lms=UNKNOWN, monitor=<psychopy.monitors.calibTools.Monitor object at 0x000000C8CFF3B4E0>, multiSample=False, name='window1', numSamples=2, pos=[0.0, 0.0], screen=0, size=array([1920, 1080]), stencilBits=0, stereo=False, units='height', useFBO=True, useRetina=False, viewOri=0.0, viewPos=None, viewScale=None, waitBlanking=True, winType='pyglet')
14.3182 	EXP 	window1: mouseVisible = True
14.3183 	EXP 	window1: recordFrameIntervals = False
14.4846 	EXP 	window1: recordFrameIntervals = True
14.6692 	EXP 	window1: recordFrameIntervals = False
14.9438 	EXP 	Created inst_text = TextStim(__class__=<class 'psychopy.visual.text.TextStim'>, alignHoriz=method-wrapper(...), alignText='center', alignVert=method-wrapper(...), anchorHoriz='center', anchorVert='center', antialias=True, autoLog=True, bold=False, color=array([-1, -1, -1]), colorSpace='rgb', contrast=1.0, depth=0.0, flipHoriz=False, flipVert=False, font='Open Sans', fontFiles=[], height=0.04, italic=False, languageStyle='LTR', name='inst_text', opacity=1, ori=0.0, pos=array([0., 0.]), rgb=UNKNOWN, text=str(...), units='height', win=Window(...), wrapWidth=1)
14.9587 	EXP 	Created space_inst = TextStim(__class__=<class 'psychopy.visual.text.TextStim'>, alignHoriz=method-wrapper(...), alignText='center', alignVert=method-wrapper(...), anchorHoriz='center', anchorVert='center', antialias=True, autoLog=True, bold=False, color=array([-1, -1, -1]), colorSpace='rgb', contrast=1.0, depth=-1.0, flipHoriz=False, flipVert=False, font='Open Sans', fontFiles=[], height=0.05, italic=False, languageStyle='LTR', name='space_inst', opacity=1, ori=0.0, pos=array([ 0.  , -0.38]), rgb=UNKNOWN, text='A kezdéshez nyomja meg a SPACE gombot!', units='height', win=Window(...), wrapWidth=1)
14.9824 	EXP 	Created text = TextStim(__class__=<class 'psychopy.visual.text.TextStim'>, alignHoriz=method-wrapper(...), alignText='center', alignVert=method-wrapper(...), anchorHoriz='center', anchorVert='center', antialias=True, autoLog=True, bold=False, color=array([-1, -1, -1]), colorSpace='rgb', contrast=1.0, depth=0.0, flipHoriz=False, flipVert=False, font='Open Sans', fontFiles=[], height=0.07, italic=False, languageStyle='LTR', name='text', opacity=1, ori=0.0, pos=array([0., 0.]), rgb=UNKNOWN, text='Készüljön, a kísérlet hamarosan elindul!', units='height', win=Window(...), wrapWidth=1)
14.9879 	EXP 	Created fx_cross = TextStim(__class__=<class 'psychopy.visual.text.TextStim'>, alignHoriz=method-wrapper(...), alignText='center', alignVert=method-wrapper(...), anchorHoriz='center', anchorVert='center', antialias=True, autoLog=True, bold=False, color=array([-1, -1, -1]), colorSpace='rgb', contrast=1.0, depth=0.0, flipHoriz=False, flipVert=False, font='Open Sans', fontFiles=[], height=0.1, italic=False, languageStyle='LTR', name='fx_cross', opacity=1, ori=0.0, pos=array([0., 0.]), rgb=UNKNOWN, text='+', units='height', win=Window(...), wrapWidth=1)
15.4834 	WARNING 	Hamming was requested using the 'pygame' sound library but hamming is not supported there.
15.5261 	EXP 	Set sound_1 sound=A
15.5262 	EXP 	Set Sound sound_1 volume=1.000
15.5439 	EXP 	Created text_2 = TextStim(__class__=<class 'psychopy.visual.text.TextStim'>, alignHoriz=method-wrapper(...), alignText='center', alignVert=method-wrapper(...), anchorHoriz='center', anchorVert='center', antialias=True, autoLog=True, bold=False, color=array([-1, -1, -1]), colorSpace='rgb', contrast=1.0, depth=-3.0, flipHoriz=False, flipVert=False, font='Open Sans', fontFiles=[], height=0.1, italic=False, languageStyle='LTR', name='text_2', opacity=1, ori=0.0, pos=array([0., 0.]), rgb=UNKNOWN, text='Ismételje el a hallott szót!', units='height', win=Window(...), wrapWidth=1)
15.5636 	EXP 	Created kosznojuk = TextStim(__class__=<class 'psychopy.visual.text.TextStim'>, alignHoriz=method-wrapper(...), alignText='center', alignVert=method-wrapper(...), anchorHoriz='center', anchorVert='center', antialias=True, autoLog=True, bold=False, color=array([-1, -1, -1]), colorSpace='rgb', contrast=1.0, depth=0.0, flipHoriz=False, flipVert=False, font='Open Sans', fontFiles=[], height=0.07, italic=False, languageStyle='LTR', name='kosznojuk', opacity=1, ori=0.0, pos=array([0., 0.]), rgb=UNKNOWN, text=str(...), units='height', win=Window(...), wrapWidth=1)
15.6036 	EXP 	inst_text: autoDraw = True
23.5755 	EXP 	space_inst: autoDraw = True
62.2218 	DATA 	Keypress: space
62.2373 	EXP 	inst_text: autoDraw = False
62.2373 	EXP 	space_inst: autoDraw = False
62.2373 	EXP 	text: autoDraw = True
68.2840 	EXP 	Imported stimuli\\hangok_stim.xlsx as conditions, 36 conditions, 2 params
68.2849 	EXP 	Created sequence: sequential, trialTypes=36, nReps=1, seed=None
68.2857 	EXP 	New trial (rep=0, index=0): {'szo': 'gáv', 'hangfajl': 'alszo_01'}
68.3021 	EXP 	text: autoDraw = False
68.3021 	EXP 	fx_cross: autoDraw = True
69.2765 	EXP 	Set sound_1 sound=stimuli/hangfajlok/alszo_01.wav
69.2768 	EXP 	Sound sound_1 started
69.2899 	EXP 	fx_cross: autoDraw = False
72.2680 	EXP 	text_2: autoDraw = True
72.2857 	EXP 	Sound sound_1 stopped
77.1440 	EXP 	Sound sound_1 stopped
77.1471 	EXP 	New trial (rep=0, index=1): {'szo': 'gyem', 'hangfajl': 'alszo_02'}
77.1516 	DATA 	Keypress: u
77.1650 	EXP 	text_2: autoDraw = False
77.1650 	EXP 	fx_cross: autoDraw = True
78.1749 	EXP 	Set sound_1 sound=stimuli/hangfajlok/alszo_02.wav
78.1751 	EXP 	Sound sound_1 started
78.1901 	EXP 	fx_cross: autoDraw = False
81.1686 	EXP 	Sound sound_1 stopped
81.1861 	EXP 	text_2: autoDraw = True
81.8250 	EXP 	Sound sound_1 stopped
81.8270 	EXP 	New trial (rep=0, index=2): {'szo': 'Szan', 'hangfajl': 'alszo_03'}
81.8316 	DATA 	Keypress: u
81.8447 	EXP 	text_2: autoDraw = False
81.8447 	EXP 	fx_cross: autoDraw = True
82.8417 	EXP 	Set sound_1 sound=stimuli/hangfajlok/alszo_03.wav
82.8418 	EXP 	Sound sound_1 started
82.8617 	EXP 	fx_cross: autoDraw = False
85.7370 	EXP 	Sound sound_1 stopped
85.7400 	EXP 	New trial (rep=0, index=3): {'szo': 'dolk', 'hangfajl': 'alszo_04'}
85.7445 	DATA 	Keypress: u
85.7558 	EXP 	text_2: autoDraw = False
85.7558 	EXP 	fx_cross: autoDraw = True
86.7654 	EXP 	Set sound_1 sound=stimuli/hangfajlok/alszo_04.wav
86.7655 	EXP 	Sound sound_1 started
86.7812 	EXP 	fx_cross: autoDraw = False
89.7689 	EXP 	text_2: autoDraw = True
89.7691 	EXP 	Sound sound_1 stopped
90.4492 	EXP 	Sound sound_1 stopped
90.4512 	EXP 	New trial (rep=0, index=4): {'szo': 'zomás', 'hangfajl': 'alszo_05'}
90.4564 	DATA 	Keypress: u
90.4686 	EXP 	text_2: autoDraw = False
90.4686 	EXP 	fx_cross: autoDraw = True
91.4751 	EXP 	Set sound_1 sound=stimuli/hangfajlok/alszo_05.wav
91.4753 	EXP 	Sound sound_1 started
91.4883 	EXP 	fx_cross: autoDraw = False
94.4691 	EXP 	text_2: autoDraw = True
94.4692 	EXP 	Sound sound_1 stopped
95.2237 	EXP 	Sound sound_1 stopped
95.2257 	EXP 	New trial (rep=0, index=5): {'szo': 'galonc', 'hangfajl': 'alszo_06'}
95.2302 	DATA 	Keypress: u
95.2433 	EXP 	text_2: autoDraw = False
95.2433 	EXP 	fx_cross: autoDraw = True
96.2448 	EXP 	Set sound_1 sound=stimuli/hangfajlok/alszo_06.wav
96.2449 	EXP 	Sound sound_1 started
96.2602 	EXP 	fx_cross: autoDraw = False
99.2353 	EXP 	text_2: autoDraw = True
99.2528 	EXP 	Sound sound_1 stopped
100.0989 	EXP 	Sound sound_1 stopped
100.1009 	EXP 	New trial (rep=0, index=6): {'szo': 'Gabam', 'hangfajl': 'alszo_07'}
100.1062 	DATA 	Keypress: u
100.1205 	EXP 	text_2: autoDraw = False
100.1205 	EXP 	fx_cross: autoDraw = True
101.1197 	EXP 	Set sound_1 sound=stimuli/hangfajlok/alszo_07.wav
101.1199 	EXP 	Sound sound_1 started
101.1418 	EXP 	fx_cross: autoDraw = False
104.1181 	EXP 	text_2: autoDraw = True
104.1182 	EXP 	Sound sound_1 stopped
104.8401 	EXP 	Sound sound_1 stopped
104.8421 	EXP 	New trial (rep=0, index=7): {'szo': 'ardul', 'hangfajl': 'alszo_08'}
104.8466 	DATA 	Keypress: u
104.8576 	EXP 	text_2: autoDraw = False
104.8576 	EXP 	fx_cross: autoDraw = True
105.8528 	EXP 	Set sound_1 sound=stimuli/hangfajlok/alszo_08.wav
105.8530 	EXP 	Sound sound_1 started
105.8665 	EXP 	fx_cross: autoDraw = False
108.8514 	EXP 	text_2: autoDraw = True
108.8516 	EXP 	Sound sound_1 stopped
109.5895 	EXP 	Sound sound_1 stopped
109.5909 	EXP 	New trial (rep=0, index=8): {'szo': 'tarembik', 'hangfajl': 'alszo_09'}
109.5943 	DATA 	Keypress: u
109.6053 	EXP 	text_2: autoDraw = False
109.6053 	EXP 	fx_cross: autoDraw = True
110.6125 	EXP 	Set sound_1 sound=stimuli/hangfajlok/alszo_09.wav
110.6126 	EXP 	Sound sound_1 started
110.6251 	EXP 	fx_cross: autoDraw = False
113.6162 	EXP 	text_2: autoDraw = True
113.6164 	EXP 	Sound sound_1 stopped
114.9916 	EXP 	Sound sound_1 stopped
114.9936 	EXP 	New trial (rep=0, index=9): {'szo': 'cselika', 'hangfajl': 'alszo_10'}
114.9981 	DATA 	Keypress: u
115.0114 	EXP 	text_2: autoDraw = False
115.0114 	EXP 	fx_cross: autoDraw = True
116.0027 	EXP 	Set sound_1 sound=stimuli/hangfajlok/alszo_10.wav
116.0029 	EXP 	Sound sound_1 started
116.0164 	EXP 	fx_cross: autoDraw = False
119.0021 	EXP 	text_2: autoDraw = True
119.0023 	EXP 	Sound sound_1 stopped
119.7796 	EXP 	Sound sound_1 stopped
119.7817 	EXP 	New trial (rep=0, index=10): {'szo': 'hübedin', 'hangfajl': 'alszo_11'}
119.7862 	DATA 	Keypress: u
119.8037 	EXP 	text_2: autoDraw = False
119.8037 	EXP 	fx_cross: autoDraw = True
120.7913 	EXP 	Set sound_1 sound=stimuli/hangfajlok/alszo_11.wav
120.7915 	EXP 	Sound sound_1 started
120.8092 	EXP 	fx_cross: autoDraw = False
123.7857 	EXP 	text_2: autoDraw = True
123.7859 	EXP 	Sound sound_1 stopped
124.5105 	DATA 	Keypress: u
124.5257 	EXP 	Sound sound_1 stopped
124.5277 	EXP 	New trial (rep=0, index=11): {'szo': 'vazóga', 'hangfajl': 'alszo_12'}
124.5451 	EXP 	text_2: autoDraw = False
124.5451 	EXP 	fx_cross: autoDraw = True
125.5355 	EXP 	Set sound_1 sound=stimuli/hangfajlok/alszo_12.wav
125.5357 	EXP 	Sound sound_1 started
125.5498 	EXP 	fx_cross: autoDraw = False
128.5311 	EXP 	text_2: autoDraw = True
128.5312 	EXP 	Sound sound_1 stopped
130.1726 	EXP 	Sound sound_1 stopped
130.1747 	EXP 	New trial (rep=0, index=12): {'szo': 'tipebanér', 'hangfajl': 'alszo_13'}
130.1791 	DATA 	Keypress: u
130.1904 	EXP 	text_2: autoDraw = False
130.1904 	EXP 	fx_cross: autoDraw = True
131.2037 	EXP 	Set sound_1 sound=stimuli/hangfajlok/alszo_13.wav
131.2039 	EXP 	Sound sound_1 started
131.2240 	EXP 	fx_cross: autoDraw = False
134.2019 	EXP 	text_2: autoDraw = True
134.2020 	EXP 	Sound sound_1 stopped
135.7130 	EXP 	Sound sound_1 stopped
135.7150 	EXP 	New trial (rep=0, index=13): {'szo': 'limefürék', 'hangfajl': 'alszo_14'}
135.7196 	DATA 	Keypress: u
135.7375 	EXP 	text_2: autoDraw = False
135.7375 	EXP 	fx_cross: autoDraw = True
136.7281 	EXP 	Set sound_1 sound=stimuli/hangfajlok/alszo_14.wav
136.7283 	EXP 	Sound sound_1 started
136.7417 	EXP 	fx_cross: autoDraw = False
139.7173 	EXP 	Sound sound_1 stopped
139.7355 	EXP 	text_2: autoDraw = True
140.7905 	EXP 	Sound sound_1 stopped
140.7926 	EXP 	New trial (rep=0, index=14): {'szo': 'serkápanta', 'hangfajl': 'alszo_15'}
140.7971 	DATA 	Keypress: u
140.8100 	EXP 	text_2: autoDraw = False
140.8100 	EXP 	fx_cross: autoDraw = True
141.8103 	EXP 	Set sound_1 sound=stimuli/hangfajlok/alszo_15.wav
141.8105 	EXP 	Sound sound_1 started
141.8243 	EXP 	fx_cross: autoDraw = False
144.8006 	EXP 	Sound sound_1 stopped
144.8185 	EXP 	text_2: autoDraw = True
145.9254 	EXP 	Sound sound_1 stopped
145.9274 	EXP 	New trial (rep=0, index=15): {'szo': 'berszidelén', 'hangfajl': 'alszo_16'}
145.9320 	DATA 	Keypress: u
145.9452 	EXP 	text_2: autoDraw = False
145.9452 	EXP 	fx_cross: autoDraw = True
146.9365 	EXP 	Set sound_1 sound=stimuli/hangfajlok/alszo_16.wav
146.9367 	EXP 	Sound sound_1 started
146.9503 	EXP 	fx_cross: autoDraw = False
149.9410 	EXP 	text_2: autoDraw = True
149.9412 	EXP 	Sound sound_1 stopped
151.0302 	EXP 	Sound sound_1 stopped
151.0322 	EXP 	New trial (rep=0, index=16): {'szo': 'hápamarogány', 'hangfajl': 'alszo_17'}
151.0369 	DATA 	Keypress: u
151.0499 	EXP 	text_2: autoDraw = False
151.0499 	EXP 	fx_cross: autoDraw = True
152.0511 	EXP 	Set sound_1 sound=stimuli/hangfajlok/alszo_17.wav
152.0513 	EXP 	Sound sound_1 started
152.0661 	EXP 	fx_cross: autoDraw = False
155.0515 	EXP 	text_2: autoDraw = True
155.0517 	EXP 	Sound sound_1 stopped
156.2349 	DATA 	Keypress: u
156.2572 	EXP 	Sound sound_1 stopped
156.2592 	EXP 	New trial (rep=0, index=17): {'szo': 'gyilonitora', 'hangfajl': 'alszo_18'}
156.2763 	EXP 	text_2: autoDraw = False
156.2763 	EXP 	fx_cross: autoDraw = True
157.2776 	EXP 	Set sound_1 sound=stimuli/hangfajlok/alszo_18.wav
157.2777 	EXP 	Sound sound_1 started
157.2913 	EXP 	fx_cross: autoDraw = False
160.2672 	EXP 	Sound sound_1 stopped
160.2848 	EXP 	text_2: autoDraw = True
160.6553 	EXP 	Sound sound_1 stopped
160.6573 	EXP 	New trial (rep=0, index=18): {'szo': 'tesilbengecsék', 'hangfajl': 'alszo_19'}
160.6618 	DATA 	Keypress: u
160.6727 	EXP 	text_2: autoDraw = False
160.6727 	EXP 	fx_cross: autoDraw = True
161.6801 	EXP 	Set sound_1 sound=stimuli/hangfajlok/alszo_19.wav
161.6803 	EXP 	Sound sound_1 started
161.6958 	EXP 	fx_cross: autoDraw = False
164.6660 	EXP 	Sound sound_1 stopped
164.6831 	EXP 	text_2: autoDraw = True
165.8243 	EXP 	Sound sound_1 stopped
165.8264 	EXP 	New trial (rep=0, index=19): {'szo': 'fortiklempelesz', 'hangfajl': 'alszo_20'}
165.8308 	DATA 	Keypress: u
165.8439 	EXP 	text_2: autoDraw = False
165.8439 	EXP 	fx_cross: autoDraw = True
166.8314 	EXP 	Set sound_1 sound=stimuli/hangfajlok/alszo_20.wav
166.8316 	EXP 	Sound sound_1 started
166.8462 	EXP 	fx_cross: autoDraw = False
169.8234 	EXP 	text_2: autoDraw = True
169.8429 	EXP 	Sound sound_1 stopped
171.8020 	DATA 	Keypress: u
171.8193 	EXP 	Sound sound_1 stopped
171.8218 	EXP 	New trial (rep=0, index=20): {'szo': 'abalamofálsag', 'hangfajl': 'alszo_21'}
171.8408 	EXP 	text_2: autoDraw = False
171.8408 	EXP 	fx_cross: autoDraw = True
172.8401 	EXP 	Set sound_1 sound=stimuli/hangfajlok/alszo_21.wav
172.8403 	EXP 	Sound sound_1 started
172.8528 	EXP 	fx_cross: autoDraw = False
175.8352 	EXP 	text_2: autoDraw = True
175.8354 	EXP 	Sound sound_1 stopped
179.0620 	EXP 	Sound sound_1 stopped
179.0640 	EXP 	New trial (rep=0, index=21): {'szo': 'sémernyegvőterec', 'hangfajl': 'alszo_22'}
179.0686 	DATA 	Keypress: u
179.0820 	EXP 	text_2: autoDraw = False
179.0820 	EXP 	fx_cross: autoDraw = True
180.0806 	EXP 	Set sound_1 sound=stimuli/hangfajlok/alszo_22.wav
180.0808 	EXP 	Sound sound_1 started
180.0937 	EXP 	fx_cross: autoDraw = False
183.0853 	EXP 	text_2: autoDraw = True
183.0855 	EXP 	Sound sound_1 stopped
185.8521 	DATA 	Keypress: u
185.8693 	EXP 	Sound sound_1 stopped
185.8717 	EXP 	New trial (rep=0, index=22): {'szo': 'hulukatánatalm', 'hangfajl': 'alszo_23'}
185.8909 	EXP 	text_2: autoDraw = False
185.8909 	EXP 	fx_cross: autoDraw = True
186.8945 	EXP 	Set sound_1 sound=stimuli/hangfajlok/alszo_23.wav
186.8947 	EXP 	Sound sound_1 started
186.9073 	EXP 	fx_cross: autoDraw = False
189.8842 	EXP 	Sound sound_1 stopped
189.9017 	EXP 	text_2: autoDraw = True
193.1139 	DATA 	Keypress: u
193.1311 	EXP 	Sound sound_1 stopped
193.1331 	EXP 	New trial (rep=0, index=23): {'szo': 'innécsésziderszil', 'hangfajl': 'alszo_24'}
193.1495 	EXP 	text_2: autoDraw = False
193.1495 	EXP 	fx_cross: autoDraw = True
194.1510 	EXP 	Set sound_1 sound=stimuli/hangfajlok/alszo_24.wav
194.1512 	EXP 	Sound sound_1 started
194.1701 	EXP 	fx_cross: autoDraw = False
197.1512 	EXP 	text_2: autoDraw = True
197.1514 	EXP 	Sound sound_1 stopped
200.1322 	EXP 	Sound sound_1 stopped
200.1342 	EXP 	New trial (rep=0, index=24): {'szo': 'dögeliztetmereni', 'hangfajl': 'alszo_25'}
200.1394 	DATA 	Keypress: u
200.1573 	EXP 	text_2: autoDraw = False
200.1573 	EXP 	fx_cross: autoDraw = True
201.1530 	EXP 	Set sound_1 sound=stimuli/hangfajlok/alszo_25.wav
201.1532 	EXP 	Sound sound_1 started
201.1665 	EXP 	fx_cross: autoDraw = False
204.1517 	EXP 	text_2: autoDraw = True
204.1519 	EXP 	Sound sound_1 stopped
206.1793 	EXP 	Sound sound_1 stopped
206.1814 	EXP 	New trial (rep=0, index=25): {'szo': 'kusztenirselemenég', 'hangfajl': 'alszo_26'}
206.1859 	DATA 	Keypress: u
206.1993 	EXP 	text_2: autoDraw = False
206.1993 	EXP 	fx_cross: autoDraw = True
207.1923 	EXP 	Set sound_1 sound=stimuli/hangfajlok/alszo_26.wav
207.1925 	EXP 	Sound sound_1 started
207.2071 	EXP 	fx_cross: autoDraw = False
210.2060 	EXP 	text_2: autoDraw = True
210.2062 	EXP 	Sound sound_1 stopped
213.8979 	DATA 	Keypress: u
213.9154 	EXP 	Sound sound_1 stopped
213.9165 	EXP 	New trial (rep=0, index=26): {'szo': 'intogszocolarásu', 'hangfajl': 'alszo_27'}
213.9327 	EXP 	text_2: autoDraw = False
213.9327 	EXP 	fx_cross: autoDraw = True
214.9576 	EXP 	Set sound_1 sound=stimuli/hangfajlok/alszo_27.wav
214.9578 	EXP 	Sound sound_1 started
214.9712 	EXP 	fx_cross: autoDraw = False
217.9499 	EXP 	text_2: autoDraw = True
217.9680 	EXP 	Sound sound_1 stopped
222.9409 	DATA 	Keypress: u
222.9637 	EXP 	Sound sound_1 stopped
222.9657 	EXP 	New trial (rep=0, index=27): {'szo': 'töminégeveltemérg', 'hangfajl': 'alszo_28'}
222.9824 	EXP 	text_2: autoDraw = False
222.9824 	EXP 	fx_cross: autoDraw = True
223.9965 	EXP 	Set sound_1 sound=stimuli/hangfajlok/alszo_28.wav
223.9968 	EXP 	Sound sound_1 started
224.0093 	EXP 	fx_cross: autoDraw = False
227.0036 	EXP 	text_2: autoDraw = True
227.0038 	EXP 	Sound sound_1 stopped
237.4646 	DATA 	Keypress: escape
237.5944 	EXP 	window1: mouseVisible = True
