1.0348 	WARNING 	We strongly recommend you activate the PTB sound engine in PsychoPy prefs as the preferred audio engine. Its timing is vastly superior. Your prefs are currently set to use ['pygame'] (in that order).
18.4320 	EXP 	Created window1 = Window(allowGUI=False, allowStencil=False, autoLog=True, backendConf=UNKNOWN, bitsMode=UNKNOWN, blendMode='avg', bpc=(8, 8, 8), color=array([1, 1, 1]), colorSpace='rgb', depthBits=8, fullscr=<method-wrapper '__getattribute__' of attributeSetter object at 0x0000003B935D4DA0>, gamma=None, gammaErrorPolicy='raise', lms=UNKNOWN, monitor=<psychopy.monitors.calibTools.Monitor object at 0x0000003B9352A518>, multiSample=False, name='window1', numSamples=2, pos=[0.0, 0.0], screen=0, size=array([1920, 1080]), stencilBits=0, stereo=False, units='height', useFBO=True, useRetina=False, viewOri=0.0, viewPos=None, viewScale=None, waitBlanking=True, winType='pyglet')
18.4322 	EXP 	window1: mouseVisible = True
18.4322 	EXP 	window1: recordFrameIntervals = False
18.5985 	EXP 	window1: recordFrameIntervals = True
18.7821 	EXP 	window1: recordFrameIntervals = False
19.0811 	EXP 	Created inst_text = TextStim(__class__=<class 'psychopy.visual.text.TextStim'>, alignHoriz=method-wrapper(...), alignText='center', alignVert=method-wrapper(...), anchorHoriz='center', anchorVert='center', antialias=True, autoLog=True, bold=False, color=array([-1, -1, -1]), colorSpace='rgb', contrast=1.0, depth=0.0, flipHoriz=False, flipVert=False, font='Open Sans', fontFiles=[], height=0.04, italic=False, languageStyle='LTR', name='inst_text', opacity=1, ori=0.0, pos=array([0., 0.]), rgb=UNKNOWN, text=str(...), units='height', win=Window(...), wrapWidth=1)
19.0996 	EXP 	Created space_inst = TextStim(__class__=<class 'psychopy.visual.text.TextStim'>, alignHoriz=method-wrapper(...), alignText='center', alignVert=method-wrapper(...), anchorHoriz='center', anchorVert='center', antialias=True, autoLog=True, bold=False, color=array([-1, -1, -1]), colorSpace='rgb', contrast=1.0, depth=-1.0, flipHoriz=False, flipVert=False, font='Open Sans', fontFiles=[], height=0.05, italic=False, languageStyle='LTR', name='space_inst', opacity=1, ori=0.0, pos=array([ 0.  , -0.38]), rgb=UNKNOWN, text='A kezdéshez nyomja meg a SPACE gombot!', units='height', win=Window(...), wrapWidth=1)
19.1228 	EXP 	Created text = TextStim(__class__=<class 'psychopy.visual.text.TextStim'>, alignHoriz=method-wrapper(...), alignText='center', alignVert=method-wrapper(...), anchorHoriz='center', anchorVert='center', antialias=True, autoLog=True, bold=False, color=array([-1, -1, -1]), colorSpace='rgb', contrast=1.0, depth=0.0, flipHoriz=False, flipVert=False, font='Open Sans', fontFiles=[], height=0.07, italic=False, languageStyle='LTR', name='text', opacity=1, ori=0.0, pos=array([0., 0.]), rgb=UNKNOWN, text='Készüljön, a kísérlet hamarosan elindul!', units='height', win=Window(...), wrapWidth=1)
19.1280 	EXP 	Created fx_cross = TextStim(__class__=<class 'psychopy.visual.text.TextStim'>, alignHoriz=method-wrapper(...), alignText='center', alignVert=method-wrapper(...), anchorHoriz='center', anchorVert='center', antialias=True, autoLog=True, bold=False, color=array([-1, -1, -1]), colorSpace='rgb', contrast=1.0, depth=0.0, flipHoriz=False, flipVert=False, font='Open Sans', fontFiles=[], height=0.1, italic=False, languageStyle='LTR', name='fx_cross', opacity=1, ori=0.0, pos=array([0., 0.]), rgb=UNKNOWN, text='+', units='height', win=Window(...), wrapWidth=1)
19.6740 	WARNING 	Hamming was requested using the 'pygame' sound library but hamming is not supported there.
19.7189 	EXP 	Set sound_1 sound=A
19.7190 	EXP 	Set Sound sound_1 volume=1.000
19.7371 	EXP 	Created text_2 = TextStim(__class__=<class 'psychopy.visual.text.TextStim'>, alignHoriz=method-wrapper(...), alignText='center', alignVert=method-wrapper(...), anchorHoriz='center', anchorVert='center', antialias=True, autoLog=True, bold=False, color=array([-1, -1, -1]), colorSpace='rgb', contrast=1.0, depth=-3.0, flipHoriz=False, flipVert=False, font='Open Sans', fontFiles=[], height=0.1, italic=False, languageStyle='LTR', name='text_2', opacity=1, ori=0.0, pos=array([0., 0.]), rgb=UNKNOWN, text='Ismételje el a hallott szót!', units='height', win=Window(...), wrapWidth=1)
19.7574 	EXP 	Created kosznojuk = TextStim(__class__=<class 'psychopy.visual.text.TextStim'>, alignHoriz=method-wrapper(...), alignText='center', alignVert=method-wrapper(...), anchorHoriz='center', anchorVert='center', antialias=True, autoLog=True, bold=False, color=array([-1, -1, -1]), colorSpace='rgb', contrast=1.0, depth=0.0, flipHoriz=False, flipVert=False, font='Open Sans', fontFiles=[], height=0.07, italic=False, languageStyle='LTR', name='kosznojuk', opacity=1, ori=0.0, pos=array([0., 0.]), rgb=UNKNOWN, text=str(...), units='height', win=Window(...), wrapWidth=1)
19.7995 	EXP 	inst_text: autoDraw = True
27.7665 	EXP 	space_inst: autoDraw = True
32.8067 	DATA 	Keypress: space
32.8428 	EXP 	inst_text: autoDraw = False
32.8428 	EXP 	space_inst: autoDraw = False
32.8428 	EXP 	text: autoDraw = True
38.8743 	EXP 	Imported stimuli\\hangok_stim.xlsx as conditions, 36 conditions, 2 params
38.8752 	EXP 	Created sequence: sequential, trialTypes=36, nReps=1, seed=None
38.8759 	EXP 	New trial (rep=0, index=0): {'szo': 'gáv', 'hangfajl': 'alszo_01'}
38.8913 	EXP 	text: autoDraw = False
38.8913 	EXP 	fx_cross: autoDraw = True
39.8588 	EXP 	Set sound_1 sound=stimuli/hangfajlok/alszo_01.wav
39.8590 	EXP 	Sound sound_1 started
39.8738 	EXP 	fx_cross: autoDraw = False
42.8477 	EXP 	Sound sound_1 stopped
42.8662 	EXP 	text_2: autoDraw = True
49.2062 	DATA 	Keypress: u
49.2271 	EXP 	Sound sound_1 stopped
49.2303 	EXP 	New trial (rep=0, index=1): {'szo': 'gyem', 'hangfajl': 'alszo_02'}
49.2477 	EXP 	text_2: autoDraw = False
49.2477 	EXP 	fx_cross: autoDraw = True
50.2558 	EXP 	Set sound_1 sound=stimuli/hangfajlok/alszo_02.wav
50.2560 	EXP 	Sound sound_1 started
50.2694 	EXP 	fx_cross: autoDraw = False
53.2497 	EXP 	text_2: autoDraw = True
53.2674 	EXP 	Sound sound_1 stopped
53.7051 	EXP 	Sound sound_1 stopped
53.7071 	EXP 	New trial (rep=0, index=2): {'szo': 'Szan', 'hangfajl': 'alszo_03'}
53.7116 	DATA 	Keypress: u
53.7292 	EXP 	text_2: autoDraw = False
53.7292 	EXP 	fx_cross: autoDraw = True
54.7643 	EXP 	Set sound_1 sound=stimuli/hangfajlok/alszo_03.wav
54.7645 	EXP 	Sound sound_1 started
54.7779 	EXP 	fx_cross: autoDraw = False
57.7665 	EXP 	text_2: autoDraw = True
57.7667 	EXP 	Sound sound_1 stopped
57.9835 	EXP 	Sound sound_1 stopped
57.9858 	EXP 	New trial (rep=0, index=3): {'szo': 'dolk', 'hangfajl': 'alszo_04'}
57.9911 	DATA 	Keypress: u
58.0022 	EXP 	text_2: autoDraw = False
58.0022 	EXP 	fx_cross: autoDraw = True
59.0294 	EXP 	Set sound_1 sound=stimuli/hangfajlok/alszo_04.wav
59.0296 	EXP 	Sound sound_1 started
59.0423 	EXP 	fx_cross: autoDraw = False
62.0142 	EXP 	Sound sound_1 stopped
62.0319 	EXP 	text_2: autoDraw = True
62.2210 	EXP 	Sound sound_1 stopped
62.2229 	EXP 	New trial (rep=0, index=4): {'szo': 'zomás', 'hangfajl': 'alszo_05'}
62.2274 	DATA 	Keypress: u
62.2388 	EXP 	text_2: autoDraw = False
62.2388 	EXP 	fx_cross: autoDraw = True
63.2479 	EXP 	Set sound_1 sound=stimuli/hangfajlok/alszo_05.wav
63.2481 	EXP 	Sound sound_1 started
63.2613 	EXP 	fx_cross: autoDraw = False
66.2500 	EXP 	text_2: autoDraw = True
66.2502 	EXP 	Sound sound_1 stopped
66.7400 	DATA 	Keypress: u
66.7554 	EXP 	Sound sound_1 stopped
66.7574 	EXP 	New trial (rep=0, index=5): {'szo': 'galonc', 'hangfajl': 'alszo_06'}
66.7726 	EXP 	text_2: autoDraw = False
66.7726 	EXP 	fx_cross: autoDraw = True
67.7908 	EXP 	Set sound_1 sound=stimuli/hangfajlok/alszo_06.wav
67.7910 	EXP 	Sound sound_1 started
67.8068 	EXP 	fx_cross: autoDraw = False
70.7811 	EXP 	Sound sound_1 stopped
70.7995 	EXP 	text_2: autoDraw = True
71.4059 	EXP 	Sound sound_1 stopped
71.4079 	EXP 	New trial (rep=0, index=6): {'szo': 'Gabam', 'hangfajl': 'alszo_07'}
71.4124 	DATA 	Keypress: u
71.4255 	EXP 	text_2: autoDraw = False
71.4255 	EXP 	fx_cross: autoDraw = True
72.4162 	EXP 	Set sound_1 sound=stimuli/hangfajlok/alszo_07.wav
72.4164 	EXP 	Sound sound_1 started
72.4308 	EXP 	fx_cross: autoDraw = False
75.4161 	EXP 	text_2: autoDraw = True
75.4163 	EXP 	Sound sound_1 stopped
76.2379 	EXP 	Sound sound_1 stopped
76.2399 	EXP 	New trial (rep=0, index=7): {'szo': 'ardul', 'hangfajl': 'alszo_08'}
76.2444 	DATA 	Keypress: u
76.2558 	EXP 	text_2: autoDraw = False
76.2558 	EXP 	fx_cross: autoDraw = True
77.2665 	EXP 	Set sound_1 sound=stimuli/hangfajlok/alszo_08.wav
77.2667 	EXP 	Sound sound_1 started
77.2800 	EXP 	fx_cross: autoDraw = False
80.2663 	EXP 	text_2: autoDraw = True
80.2664 	EXP 	Sound sound_1 stopped
80.9141 	EXP 	Sound sound_1 stopped
80.9161 	EXP 	New trial (rep=0, index=8): {'szo': 'tarembik', 'hangfajl': 'alszo_09'}
80.9213 	DATA 	Keypress: u
80.9342 	EXP 	text_2: autoDraw = False
80.9342 	EXP 	fx_cross: autoDraw = True
81.9341 	EXP 	Set sound_1 sound=stimuli/hangfajlok/alszo_09.wav
81.9342 	EXP 	Sound sound_1 started
81.9480 	EXP 	fx_cross: autoDraw = False
84.9323 	EXP 	text_2: autoDraw = True
84.9325 	EXP 	Sound sound_1 stopped
86.4203 	DATA 	Keypress: u
86.4348 	EXP 	Sound sound_1 stopped
86.4373 	EXP 	New trial (rep=0, index=9): {'szo': 'cselika', 'hangfajl': 'alszo_10'}
86.4560 	EXP 	text_2: autoDraw = False
86.4560 	EXP 	fx_cross: autoDraw = True
87.4704 	EXP 	Set sound_1 sound=stimuli/hangfajlok/alszo_10.wav
87.4706 	EXP 	Sound sound_1 started
87.4852 	EXP 	fx_cross: autoDraw = False
90.4597 	EXP 	text_2: autoDraw = True
90.4794 	EXP 	Sound sound_1 stopped
91.1360 	EXP 	Sound sound_1 stopped
91.1383 	EXP 	New trial (rep=0, index=10): {'szo': 'hübedin', 'hangfajl': 'alszo_11'}
91.1423 	DATA 	Keypress: u
91.1570 	EXP 	text_2: autoDraw = False
91.1570 	EXP 	fx_cross: autoDraw = True
92.1728 	EXP 	Set sound_1 sound=stimuli/hangfajlok/alszo_11.wav
92.1730 	EXP 	Sound sound_1 started
92.1859 	EXP 	fx_cross: autoDraw = False
95.1666 	EXP 	text_2: autoDraw = True
95.1845 	EXP 	Sound sound_1 stopped
96.7585 	EXP 	Sound sound_1 stopped
96.7605 	EXP 	New trial (rep=0, index=11): {'szo': 'vazóga', 'hangfajl': 'alszo_12'}
96.7650 	DATA 	Keypress: u
96.7786 	EXP 	text_2: autoDraw = False
96.7786 	EXP 	fx_cross: autoDraw = True
97.7894 	EXP 	Set sound_1 sound=stimuli/hangfajlok/alszo_12.wav
97.7896 	EXP 	Sound sound_1 started
97.8026 	EXP 	fx_cross: autoDraw = False
100.7835 	EXP 	text_2: autoDraw = True
100.7837 	EXP 	Sound sound_1 stopped
101.8756 	DATA 	Keypress: u
101.8929 	EXP 	Sound sound_1 stopped
101.8949 	EXP 	New trial (rep=0, index=12): {'szo': 'tipebanér', 'hangfajl': 'alszo_13'}
101.9127 	EXP 	text_2: autoDraw = False
101.9127 	EXP 	fx_cross: autoDraw = True
102.9191 	EXP 	Set sound_1 sound=stimuli/hangfajlok/alszo_13.wav
102.9193 	EXP 	Sound sound_1 started
102.9319 	EXP 	fx_cross: autoDraw = False
105.9158 	EXP 	text_2: autoDraw = True
105.9159 	EXP 	Sound sound_1 stopped
107.1431 	DATA 	Keypress: u
107.1604 	EXP 	Sound sound_1 stopped
107.1624 	EXP 	New trial (rep=0, index=13): {'szo': 'limefürék', 'hangfajl': 'alszo_14'}
107.1801 	EXP 	text_2: autoDraw = False
107.1801 	EXP 	fx_cross: autoDraw = True
108.1844 	EXP 	Set sound_1 sound=stimuli/hangfajlok/alszo_14.wav
108.1846 	EXP 	Sound sound_1 started
108.2003 	EXP 	fx_cross: autoDraw = False
111.1818 	EXP 	text_2: autoDraw = True
111.1998 	EXP 	Sound sound_1 stopped
112.5377 	EXP 	Sound sound_1 stopped
112.5397 	EXP 	New trial (rep=0, index=14): {'szo': 'serkápanta', 'hangfajl': 'alszo_15'}
112.5442 	DATA 	Keypress: u
112.5553 	EXP 	text_2: autoDraw = False
112.5553 	EXP 	fx_cross: autoDraw = True
113.5914 	EXP 	Set sound_1 sound=stimuli/hangfajlok/alszo_15.wav
113.5916 	EXP 	Sound sound_1 started
113.6051 	EXP 	fx_cross: autoDraw = False
116.5989 	EXP 	text_2: autoDraw = True
116.5990 	EXP 	Sound sound_1 stopped
117.9996 	EXP 	Sound sound_1 stopped
118.0019 	EXP 	New trial (rep=0, index=15): {'szo': 'berszidelén', 'hangfajl': 'alszo_16'}
118.0064 	DATA 	Keypress: u
118.0189 	EXP 	text_2: autoDraw = False
118.0189 	EXP 	fx_cross: autoDraw = True
119.0474 	EXP 	Set sound_1 sound=stimuli/hangfajlok/alszo_16.wav
119.0476 	EXP 	Sound sound_1 started
119.0603 	EXP 	fx_cross: autoDraw = False
122.0488 	EXP 	text_2: autoDraw = True
122.0489 	EXP 	Sound sound_1 stopped
123.5771 	DATA 	Keypress: z
124.7610 	EXP 	Sound sound_1 stopped
124.7629 	EXP 	New trial (rep=0, index=16): {'szo': 'hápamarogány', 'hangfajl': 'alszo_17'}
124.7676 	DATA 	Keypress: u
124.7807 	EXP 	text_2: autoDraw = False
124.7807 	EXP 	fx_cross: autoDraw = True
125.8054 	EXP 	Set sound_1 sound=stimuli/hangfajlok/alszo_17.wav
125.8056 	EXP 	Sound sound_1 started
125.8182 	EXP 	fx_cross: autoDraw = False
128.7978 	EXP 	text_2: autoDraw = True
128.8159 	EXP 	Sound sound_1 stopped
130.6251 	EXP 	Sound sound_1 stopped
130.6270 	EXP 	New trial (rep=0, index=17): {'szo': 'gyilonitora', 'hangfajl': 'alszo_18'}
130.6317 	DATA 	Keypress: u
130.6452 	EXP 	text_2: autoDraw = False
130.6452 	EXP 	fx_cross: autoDraw = True
131.6478 	EXP 	Set sound_1 sound=stimuli/hangfajlok/alszo_18.wav
131.6480 	EXP 	Sound sound_1 started
131.6614 	EXP 	fx_cross: autoDraw = False
134.6488 	EXP 	text_2: autoDraw = True
134.6490 	EXP 	Sound sound_1 stopped
136.1640 	DATA 	Keypress: u
136.1813 	EXP 	Sound sound_1 stopped
136.1834 	EXP 	New trial (rep=0, index=18): {'szo': 'tesilbengecsék', 'hangfajl': 'alszo_19'}
136.2006 	EXP 	text_2: autoDraw = False
136.2006 	EXP 	fx_cross: autoDraw = True
137.2243 	EXP 	Set sound_1 sound=stimuli/hangfajlok/alszo_19.wav
137.2245 	EXP 	Sound sound_1 started
137.2434 	EXP 	fx_cross: autoDraw = False
140.2136 	EXP 	Sound sound_1 stopped
140.2314 	EXP 	text_2: autoDraw = True
142.3971 	EXP 	Sound sound_1 stopped
142.3991 	EXP 	New trial (rep=0, index=19): {'szo': 'fortiklempelesz', 'hangfajl': 'alszo_20'}
142.4043 	DATA 	Keypress: u
142.4192 	EXP 	text_2: autoDraw = False
142.4192 	EXP 	fx_cross: autoDraw = True
143.4330 	EXP 	Set sound_1 sound=stimuli/hangfajlok/alszo_20.wav
143.4332 	EXP 	Sound sound_1 started
143.4470 	EXP 	fx_cross: autoDraw = False
146.4322 	EXP 	text_2: autoDraw = True
146.4323 	EXP 	Sound sound_1 stopped
150.2613 	DATA 	Keypress: escape
150.3651 	EXP 	window1: mouseVisible = True
